<?xml version="1.0" encoding="UTF-8"?>
<TestRun id="f86e2e98-dc69-4478-91da-d75a2e6a64a7" name="Scotty Viscocity@VISCOUSPC 2012-03-20 21:30:01" runUser="ViscousPC\Scotty Viscocity" xmlns="http://microsoft.com/schemas/VisualStudio/TeamTest/2010">
  <TestSettings name="Local" id="6d1e9696-581b-4414-880d-32a74bbef34d">
    <Description>These are default test settings for a local test run.</Description>
    <Deployment enabled="false" runDeploymentRoot="Scotty Viscocity_VISCOUSPC 2012-03-20 21_30_01">
      <DeploymentItem filename="C:\Users\Scotty Viscocity\Desktop\Stuff\School\MSU\8_Spring 2012\CS 481 - Software Engineering\BattleShip\packages\Moq.4.0.10827\lib\NET40\Moq.dll" />
      <DeploymentItem filename="C:\Users\Scotty Viscocity\Desktop\Stuff\School\MSU\8_Spring 2012\CS 481 - Software Engineering\BattleShip\BattleShip\bin\Debug\BattleShip.exe" />
    </Deployment>
    <Execution>
      <TestTypeSpecific />
      <AgentRule name="Execution Agents">
      </AgentRule>
    </Execution>
  </TestSettings>
  <Times creation="2012-03-20T21:30:01.2479843-05:00" queuing="2012-03-20T21:30:03.2260974-05:00" start="2012-03-20T21:30:03.4071078-05:00" finish="2012-03-20T21:30:20.1989770-05:00" />
  <ResultSummary outcome="Error">
    <Counters total="1" executed="1" error="0" failed="0" timeout="0" aborted="1" inconclusive="0" passedButRunAborted="0" notRunnable="0" notExecuted="0" disconnected="0" warning="0" passed="0" completed="0" inProgress="0" pending="0" />
    <RunInfos>
      <RunInfo computerName="VISCOUSPC" outcome="Error" timestamp="2012-03-20T21:30:20.1979769-05:00">
        <Text>Test host process exited unexpectedly.</Text>
      </RunInfo>
    </RunInfos>
  </ResultSummary>
  <TestDefinitions>
    <UnitTest name="TestInitialize" storage="c:\users\scotty viscocity\desktop\stuff\school\msu\8_spring 2012\cs 481 - software engineering\battleship\battleshiptests\bin\debug\battleshiptests.dll" id="b10a5d11-4256-7f99-c6d5-d9e44c962161">
      <Execution id="2bb825e3-cb1d-451f-8fc8-15e6156962f2" />
      <TestMethod codeBase="C:/Users/Scotty Viscocity/Desktop/Stuff/School/MSU/8_Spring 2012/CS 481 - Software Engineering/BattleShip/BattleShipTests/bin/Debug/BattleShipTests.DLL" adapterTypeName="Microsoft.VisualStudio.TestTools.TestTypes.Unit.UnitTestAdapter, Microsoft.VisualStudio.QualityTools.Tips.UnitTest.Adapter, Version=10.0.0.0, Culture=neutral, PublicKeyToken=b03f5f7f11d50a3a" className="BattleShipTests.IntegrationTest_BattleShipGame, BattleShipTests, Version=1.0.0.0, Culture=neutral, PublicKeyToken=null" name="TestInitialize" />
    </UnitTest>
  </TestDefinitions>
  <TestLists>
    <TestList name="Results Not in a List" id="8c84fa94-04c1-424b-9868-57a2d4851a1d" />
    <TestList name="All Loaded Results" id="19431567-8539-422a-85d7-44ee4e166bda" />
  </TestLists>
  <TestEntries>
    <TestEntry testId="b10a5d11-4256-7f99-c6d5-d9e44c962161" executionId="2bb825e3-cb1d-451f-8fc8-15e6156962f2" testListId="8c84fa94-04c1-424b-9868-57a2d4851a1d" />
  </TestEntries>
  <Results>
    <UnitTestResult executionId="2bb825e3-cb1d-451f-8fc8-15e6156962f2" testId="b10a5d11-4256-7f99-c6d5-d9e44c962161" testName="TestInitialize" computerName="VISCOUSPC" duration="00:00:16.6188593" startTime="2012-03-20T21:30:03.5801177-05:00" endTime="2012-03-20T21:30:20.1989770-05:00" testType="13cdc9d9-ddb5-4fa4-a97d-d965ccfc6d4b" outcome="Aborted" testListId="8c84fa94-04c1-424b-9868-57a2d4851a1d" relativeResultsDirectory="2bb825e3-cb1d-451f-8fc8-15e6156962f2">
    </UnitTestResult>
  </Results>
</TestRun>