<?xml version="1.0" encoding="UTF-8"?>
<TestRun id="47ea995d-1f78-425c-8c9f-201fd36725b8" name="Scotty Viscocity@VISCOUSPC 2012-02-21 19:24:05" runUser="ViscousPC\Scotty Viscocity" xmlns="http://microsoft.com/schemas/VisualStudio/TeamTest/2010">
  <TestSettings name="Local" id="6d1e9696-581b-4414-880d-32a74bbef34d">
    <Description>These are default test settings for a local test run.</Description>
    <Deployment enabled="false" runDeploymentRoot="Scotty Viscocity_VISCOUSPC 2012-02-21 19_24_05">
      <DeploymentItem filename="C:\Users\Scotty Viscocity\Desktop\Stuff\School\MSU\8_Spring 2012\CS 481 - Software Engineering\BattleShip\packages\Moq.4.0.10827\lib\NET40\Moq.dll" />
      <DeploymentItem filename="C:\Users\Scotty Viscocity\Desktop\Stuff\School\MSU\8_Spring 2012\CS 481 - Software Engineering\BattleShip\BattleShip\bin\Debug\BattleShip.exe" />
    </Deployment>
    <Execution>
      <TestTypeSpecific />
      <AgentRule name="Execution Agents">
      </AgentRule>
    </Execution>
  </TestSettings>
  <Times creation="2012-02-21T19:24:05.6119665-06:00" queuing="2012-02-21T19:24:08.7471458-06:00" start="2012-02-21T19:24:08.9951600-06:00" finish="2012-02-21T19:24:19.5367630-06:00" />
  <ResultSummary outcome="Error">
    <Counters total="1" executed="1" error="0" failed="0" timeout="0" aborted="1" inconclusive="0" passedButRunAborted="0" notRunnable="0" notExecuted="0" disconnected="0" warning="0" passed="0" completed="0" inProgress="0" pending="0" />
    <RunInfos>
      <RunInfo computerName="VISCOUSPC" outcome="Error" timestamp="2012-02-21T19:24:19.5357629-06:00">
        <Text>Test host process exited unexpectedly.</Text>
      </RunInfo>
    </RunInfos>
  </ResultSummary>
  <TestDefinitions>
    <UnitTest name="TestPlaceShips" storage="c:\users\scotty viscocity\desktop\stuff\school\msu\8_spring 2012\cs 481 - software engineering\battleship\battleshiptests\bin\debug\battleshiptests.dll" id="a30b6668-9c31-82c0-f63d-0178d29e49a6">
      <Execution id="593e9cae-f0d4-4a1c-8378-fc2b0d2e05ad" />
      <TestMethod codeBase="C:/Users/Scotty Viscocity/Desktop/Stuff/School/MSU/8_Spring 2012/CS 481 - Software Engineering/BattleShip/BattleShipTests/bin/Debug/BattleShipTests.DLL" adapterTypeName="Microsoft.VisualStudio.TestTools.TestTypes.Unit.UnitTestAdapter, Microsoft.VisualStudio.QualityTools.Tips.UnitTest.Adapter, Version=10.0.0.0, Culture=neutral, PublicKeyToken=b03f5f7f11d50a3a" className="BattleShipTests.UnitTest_EasyAI_Player, BattleShipTests, Version=1.0.0.0, Culture=neutral, PublicKeyToken=null" name="TestPlaceShips" />
    </UnitTest>
  </TestDefinitions>
  <TestLists>
    <TestList name="Results Not in a List" id="8c84fa94-04c1-424b-9868-57a2d4851a1d" />
    <TestList name="All Loaded Results" id="19431567-8539-422a-85d7-44ee4e166bda" />
  </TestLists>
  <TestEntries>
    <TestEntry testId="a30b6668-9c31-82c0-f63d-0178d29e49a6" executionId="593e9cae-f0d4-4a1c-8378-fc2b0d2e05ad" testListId="8c84fa94-04c1-424b-9868-57a2d4851a1d" />
  </TestEntries>
  <Results>
    <UnitTestResult executionId="593e9cae-f0d4-4a1c-8378-fc2b0d2e05ad" testId="a30b6668-9c31-82c0-f63d-0178d29e49a6" testName="TestPlaceShips" computerName="VISCOUSPC" duration="00:00:10.3505921" startTime="2012-02-21T19:24:09.1861709-06:00" endTime="2012-02-21T19:24:19.5367630-06:00" testType="13cdc9d9-ddb5-4fa4-a97d-d965ccfc6d4b" outcome="Aborted" testListId="8c84fa94-04c1-424b-9868-57a2d4851a1d" relativeResultsDirectory="593e9cae-f0d4-4a1c-8378-fc2b0d2e05ad">
    </UnitTestResult>
  </Results>
</TestRun>