<?xml version="1.0" encoding="UTF-8"?>
<TestRun id="b933673f-f3b2-4967-bdd8-f45865c7df6d" name="Scotty Viscocity@VISCOUSPC 2012-02-21 19:02:58" runUser="ViscousPC\Scotty Viscocity" xmlns="http://microsoft.com/schemas/VisualStudio/TeamTest/2010">
  <TestSettings name="Local" id="6d1e9696-581b-4414-880d-32a74bbef34d">
    <Description>These are default test settings for a local test run.</Description>
    <Deployment enabled="false" runDeploymentRoot="Scotty Viscocity_VISCOUSPC 2012-02-21 19_02_58">
      <DeploymentItem filename="C:\Users\Scotty Viscocity\Desktop\Stuff\School\MSU\8_Spring 2012\CS 481 - Software Engineering\BattleShip\packages\Moq.4.0.10827\lib\NET40\Moq.dll" />
      <DeploymentItem filename="C:\Users\Scotty Viscocity\Desktop\Stuff\School\MSU\8_Spring 2012\CS 481 - Software Engineering\BattleShip\BattleShip\bin\Debug\BattleShip.exe" />
    </Deployment>
    <Execution>
      <TestTypeSpecific />
      <AgentRule name="Execution Agents">
      </AgentRule>
    </Execution>
  </TestSettings>
  <Times creation="2012-02-21T19:02:58.3204816-06:00" queuing="2012-02-21T19:03:01.4526607-06:00" start="2012-02-21T19:03:01.7146757-06:00" finish="2012-02-21T19:03:27.7171630-06:00" />
  <ResultSummary outcome="Error">
    <Counters total="8" executed="3" passed="2" error="0" failed="0" timeout="0" aborted="1" inconclusive="0" passedButRunAborted="0" notRunnable="0" notExecuted="5" disconnected="0" warning="0" completed="0" inProgress="0" pending="0" />
    <RunInfos>
      <RunInfo computerName="VISCOUSPC" outcome="Error" timestamp="2012-02-21T19:03:27.7161629-06:00">
        <Text>Test host process exited unexpectedly.</Text>
      </RunInfo>
    </RunInfos>
  </ResultSummary>
  <TestDefinitions>
    <UnitTest name="TestIsDestroyed_True" storage="c:\users\scotty viscocity\desktop\stuff\school\msu\8_spring 2012\cs 481 - software engineering\battleship\battleshiptests\bin\debug\battleshiptests.dll" id="a8bb8e6a-4078-493f-5a52-3c33dead03a9">
      <Execution id="14919515-eeb5-41f3-905a-5d15304672fd" />
      <TestMethod codeBase="C:/Users/Scotty Viscocity/Desktop/Stuff/School/MSU/8_Spring 2012/CS 481 - Software Engineering/BattleShip/BattleShipTests/bin/Debug/BattleShipTests.DLL" adapterTypeName="Microsoft.VisualStudio.TestTools.TestTypes.Unit.UnitTestAdapter, Microsoft.VisualStudio.QualityTools.Tips.UnitTest.Adapter, Version=10.0.0.0, Culture=neutral, PublicKeyToken=b03f5f7f11d50a3a" className="BattleShipTests.UnitTest_Ship, BattleShipTests, Version=1.0.0.0, Culture=neutral, PublicKeyToken=null" name="TestIsDestroyed_True" />
    </UnitTest>
    <UnitTest name="TestInitialize" storage="c:\users\scotty viscocity\desktop\stuff\school\msu\8_spring 2012\cs 481 - software engineering\battleship\battleshiptests\bin\debug\battleshiptests.dll" id="5b418a9d-d71e-dc12-2641-e67bf8e7d161">
      <Execution id="38b02d32-8402-454a-8022-166ccd3e0f77" />
      <TestMethod codeBase="C:/Users/Scotty Viscocity/Desktop/Stuff/School/MSU/8_Spring 2012/CS 481 - Software Engineering/BattleShip/BattleShipTests/bin/Debug/BattleShipTests.DLL" adapterTypeName="Microsoft.VisualStudio.TestTools.TestTypes.Unit.UnitTestAdapter, Microsoft.VisualStudio.QualityTools.Tips.UnitTest.Adapter, Version=10.0.0.0, Culture=neutral, PublicKeyToken=b03f5f7f11d50a3a" className="BattleShipTests.UnitTest_EasyAI_Player, BattleShipTests, Version=1.0.0.0, Culture=neutral, PublicKeyToken=null" name="TestInitialize" />
    </UnitTest>
    <UnitTest name="TestPlacementCreatesConflict" storage="c:\users\scotty viscocity\desktop\stuff\school\msu\8_spring 2012\cs 481 - software engineering\battleship\battleshiptests\bin\debug\battleshiptests.dll" id="359c968f-4820-e386-ddc4-9ba4077decf4">
      <Execution id="62b4e94f-6da5-4b60-a277-c1273a44e91c" />
      <TestMethod codeBase="C:/Users/Scotty Viscocity/Desktop/Stuff/School/MSU/8_Spring 2012/CS 481 - Software Engineering/BattleShip/BattleShipTests/bin/Debug/BattleShipTests.DLL" adapterTypeName="Microsoft.VisualStudio.TestTools.TestTypes.Unit.UnitTestAdapter, Microsoft.VisualStudio.QualityTools.Tips.UnitTest.Adapter, Version=10.0.0.0, Culture=neutral, PublicKeyToken=b03f5f7f11d50a3a" className="BattleShipTests.UnitTest_ShipPlacementHelper, BattleShipTests, Version=1.0.0.0, Culture=neutral, PublicKeyToken=null" name="TestPlacementCreatesConflict" />
    </UnitTest>
    <UnitTest name="TestIsDestroyed_False1" storage="c:\users\scotty viscocity\desktop\stuff\school\msu\8_spring 2012\cs 481 - software engineering\battleship\battleshiptests\bin\debug\battleshiptests.dll" id="8e6ede48-b4a4-c394-0754-bba834efd813">
      <Execution id="6b876017-99c2-4462-a126-0ee9678d1861" />
      <TestMethod codeBase="C:/Users/Scotty Viscocity/Desktop/Stuff/School/MSU/8_Spring 2012/CS 481 - Software Engineering/BattleShip/BattleShipTests/bin/Debug/BattleShipTests.DLL" adapterTypeName="Microsoft.VisualStudio.TestTools.TestTypes.Unit.UnitTestAdapter, Microsoft.VisualStudio.QualityTools.Tips.UnitTest.Adapter, Version=10.0.0.0, Culture=neutral, PublicKeyToken=b03f5f7f11d50a3a" className="BattleShipTests.UnitTest_Ship, BattleShipTests, Version=1.0.0.0, Culture=neutral, PublicKeyToken=null" name="TestIsDestroyed_False1" />
    </UnitTest>
    <UnitTest name="TestIsOutOfBounds" storage="c:\users\scotty viscocity\desktop\stuff\school\msu\8_spring 2012\cs 481 - software engineering\battleship\battleshiptests\bin\debug\battleshiptests.dll" id="84f13ba1-51e4-b026-2a45-d550c1b13a66">
      <Execution id="f7311ac3-e3c2-4d29-bb0e-f780110a13b3" />
      <TestMethod codeBase="C:/Users/Scotty Viscocity/Desktop/Stuff/School/MSU/8_Spring 2012/CS 481 - Software Engineering/BattleShip/BattleShipTests/bin/Debug/BattleShipTests.DLL" adapterTypeName="Microsoft.VisualStudio.TestTools.TestTypes.Unit.UnitTestAdapter, Microsoft.VisualStudio.QualityTools.Tips.UnitTest.Adapter, Version=10.0.0.0, Culture=neutral, PublicKeyToken=b03f5f7f11d50a3a" className="BattleShipTests.UnitTest_ShipPlacementHelper, BattleShipTests, Version=1.0.0.0, Culture=neutral, PublicKeyToken=null" name="TestIsOutOfBounds" />
    </UnitTest>
    <UnitTest name="TestIsInvalidPlacement" storage="c:\users\scotty viscocity\desktop\stuff\school\msu\8_spring 2012\cs 481 - software engineering\battleship\battleshiptests\bin\debug\battleshiptests.dll" id="62b91659-9230-16e7-ad72-b8bacbbccbb1">
      <Execution id="e5e7c6cd-54ac-4749-b632-a5eed083e526" />
      <TestMethod codeBase="C:/Users/Scotty Viscocity/Desktop/Stuff/School/MSU/8_Spring 2012/CS 481 - Software Engineering/BattleShip/BattleShipTests/bin/Debug/BattleShipTests.DLL" adapterTypeName="Microsoft.VisualStudio.TestTools.TestTypes.Unit.UnitTestAdapter, Microsoft.VisualStudio.QualityTools.Tips.UnitTest.Adapter, Version=10.0.0.0, Culture=neutral, PublicKeyToken=b03f5f7f11d50a3a" className="BattleShipTests.UnitTest_ShipPlacementHelper, BattleShipTests, Version=1.0.0.0, Culture=neutral, PublicKeyToken=null" name="TestIsInvalidPlacement" />
    </UnitTest>
    <UnitTest name="TestInitialize" storage="c:\users\scotty viscocity\desktop\stuff\school\msu\8_spring 2012\cs 481 - software engineering\battleship\battleshiptests\bin\debug\battleshiptests.dll" id="ce21906f-255c-3cee-9d5e-8b16df3d0f9f">
      <Execution id="66f294a1-ddb7-4a05-89bb-72da59c86968" />
      <TestMethod codeBase="C:/Users/Scotty Viscocity/Desktop/Stuff/School/MSU/8_Spring 2012/CS 481 - Software Engineering/BattleShip/BattleShipTests/bin/Debug/BattleShipTests.DLL" adapterTypeName="Microsoft.VisualStudio.TestTools.TestTypes.Unit.UnitTestAdapter, Microsoft.VisualStudio.QualityTools.Tips.UnitTest.Adapter, Version=10.0.0.0, Culture=neutral, PublicKeyToken=b03f5f7f11d50a3a" className="BattleShipTests.UnitTest_BattleShipGame, BattleShipTests, Version=1.0.0.0, Culture=neutral, PublicKeyToken=null" name="TestInitialize" />
    </UnitTest>
    <UnitTest name="TestIsDestroyed_False2" storage="c:\users\scotty viscocity\desktop\stuff\school\msu\8_spring 2012\cs 481 - software engineering\battleship\battleshiptests\bin\debug\battleshiptests.dll" id="4febe331-5c84-6e38-1a56-52096688bd87">
      <Execution id="71e8deaa-9f3d-4f17-8b4f-1dea1982849e" />
      <TestMethod codeBase="C:/Users/Scotty Viscocity/Desktop/Stuff/School/MSU/8_Spring 2012/CS 481 - Software Engineering/BattleShip/BattleShipTests/bin/Debug/BattleShipTests.DLL" adapterTypeName="Microsoft.VisualStudio.TestTools.TestTypes.Unit.UnitTestAdapter, Microsoft.VisualStudio.QualityTools.Tips.UnitTest.Adapter, Version=10.0.0.0, Culture=neutral, PublicKeyToken=b03f5f7f11d50a3a" className="BattleShipTests.UnitTest_Ship, BattleShipTests, Version=1.0.0.0, Culture=neutral, PublicKeyToken=null" name="TestIsDestroyed_False2" />
    </UnitTest>
  </TestDefinitions>
  <TestLists>
    <TestList name="Results Not in a List" id="8c84fa94-04c1-424b-9868-57a2d4851a1d" />
    <TestList name="All Loaded Results" id="19431567-8539-422a-85d7-44ee4e166bda" />
  </TestLists>
  <TestEntries>
    <TestEntry testId="359c968f-4820-e386-ddc4-9ba4077decf4" executionId="62b4e94f-6da5-4b60-a277-c1273a44e91c" testListId="8c84fa94-04c1-424b-9868-57a2d4851a1d" />
    <TestEntry testId="4febe331-5c84-6e38-1a56-52096688bd87" executionId="71e8deaa-9f3d-4f17-8b4f-1dea1982849e" testListId="8c84fa94-04c1-424b-9868-57a2d4851a1d" />
    <TestEntry testId="5b418a9d-d71e-dc12-2641-e67bf8e7d161" executionId="38b02d32-8402-454a-8022-166ccd3e0f77" testListId="8c84fa94-04c1-424b-9868-57a2d4851a1d" />
    <TestEntry testId="62b91659-9230-16e7-ad72-b8bacbbccbb1" executionId="e5e7c6cd-54ac-4749-b632-a5eed083e526" testListId="8c84fa94-04c1-424b-9868-57a2d4851a1d" />
    <TestEntry testId="84f13ba1-51e4-b026-2a45-d550c1b13a66" executionId="f7311ac3-e3c2-4d29-bb0e-f780110a13b3" testListId="8c84fa94-04c1-424b-9868-57a2d4851a1d" />
    <TestEntry testId="8e6ede48-b4a4-c394-0754-bba834efd813" executionId="6b876017-99c2-4462-a126-0ee9678d1861" testListId="8c84fa94-04c1-424b-9868-57a2d4851a1d" />
    <TestEntry testId="a8bb8e6a-4078-493f-5a52-3c33dead03a9" executionId="14919515-eeb5-41f3-905a-5d15304672fd" testListId="8c84fa94-04c1-424b-9868-57a2d4851a1d" />
    <TestEntry testId="ce21906f-255c-3cee-9d5e-8b16df3d0f9f" executionId="66f294a1-ddb7-4a05-89bb-72da59c86968" testListId="8c84fa94-04c1-424b-9868-57a2d4851a1d" />
  </TestEntries>
  <Results>
    <UnitTestResult executionId="62b4e94f-6da5-4b60-a277-c1273a44e91c" testId="359c968f-4820-e386-ddc4-9ba4077decf4" testName="TestPlacementCreatesConflict" computerName="VISCOUSPC" duration="00:00:00.0366033" startTime="2012-02-21T19:03:01.9046866-06:00" endTime="2012-02-21T19:03:03.3987721-06:00" testType="13cdc9d9-ddb5-4fa4-a97d-d965ccfc6d4b" outcome="Passed" testListId="8c84fa94-04c1-424b-9868-57a2d4851a1d" relativeResultsDirectory="62b4e94f-6da5-4b60-a277-c1273a44e91c">
    </UnitTestResult>
    <UnitTestResult executionId="71e8deaa-9f3d-4f17-8b4f-1dea1982849e" testId="4febe331-5c84-6e38-1a56-52096688bd87" testName="TestIsDestroyed_False2" computerName="VISCOUSPC" duration="00:00:00.0011971" startTime="2012-02-21T19:03:03.4097727-06:00" endTime="2012-02-21T19:03:03.4147730-06:00" testType="13cdc9d9-ddb5-4fa4-a97d-d965ccfc6d4b" outcome="Passed" testListId="8c84fa94-04c1-424b-9868-57a2d4851a1d" relativeResultsDirectory="71e8deaa-9f3d-4f17-8b4f-1dea1982849e">
    </UnitTestResult>
    <UnitTestResult executionId="38b02d32-8402-454a-8022-166ccd3e0f77" testId="5b418a9d-d71e-dc12-2641-e67bf8e7d161" testName="TestInitialize" computerName="VISCOUSPC" duration="00:00:24.2713882" startTime="2012-02-21T19:03:03.4447747-06:00" endTime="2012-02-21T19:03:27.7161629-06:00" testType="13cdc9d9-ddb5-4fa4-a97d-d965ccfc6d4b" outcome="Aborted" testListId="8c84fa94-04c1-424b-9868-57a2d4851a1d" relativeResultsDirectory="38b02d32-8402-454a-8022-166ccd3e0f77">
    </UnitTestResult>
    <UnitTestResult executionId="e5e7c6cd-54ac-4749-b632-a5eed083e526" testId="62b91659-9230-16e7-ad72-b8bacbbccbb1" testName="TestIsInvalidPlacement" computerName="VISCOUSPC" testType="13cdc9d9-ddb5-4fa4-a97d-d965ccfc6d4b" outcome="NotExecuted" testListId="8c84fa94-04c1-424b-9868-57a2d4851a1d" relativeResultsDirectory="e5e7c6cd-54ac-4749-b632-a5eed083e526">
    </UnitTestResult>
    <UnitTestResult executionId="f7311ac3-e3c2-4d29-bb0e-f780110a13b3" testId="84f13ba1-51e4-b026-2a45-d550c1b13a66" testName="TestIsOutOfBounds" computerName="VISCOUSPC" testType="13cdc9d9-ddb5-4fa4-a97d-d965ccfc6d4b" outcome="NotExecuted" testListId="8c84fa94-04c1-424b-9868-57a2d4851a1d" relativeResultsDirectory="f7311ac3-e3c2-4d29-bb0e-f780110a13b3">
    </UnitTestResult>
    <UnitTestResult executionId="6b876017-99c2-4462-a126-0ee9678d1861" testId="8e6ede48-b4a4-c394-0754-bba834efd813" testName="TestIsDestroyed_False1" computerName="VISCOUSPC" testType="13cdc9d9-ddb5-4fa4-a97d-d965ccfc6d4b" outcome="NotExecuted" testListId="8c84fa94-04c1-424b-9868-57a2d4851a1d" relativeResultsDirectory="6b876017-99c2-4462-a126-0ee9678d1861">
    </UnitTestResult>
    <UnitTestResult executionId="14919515-eeb5-41f3-905a-5d15304672fd" testId="a8bb8e6a-4078-493f-5a52-3c33dead03a9" testName="TestIsDestroyed_True" computerName="VISCOUSPC" testType="13cdc9d9-ddb5-4fa4-a97d-d965ccfc6d4b" outcome="NotExecuted" testListId="8c84fa94-04c1-424b-9868-57a2d4851a1d" relativeResultsDirectory="14919515-eeb5-41f3-905a-5d15304672fd">
    </UnitTestResult>
    <UnitTestResult executionId="66f294a1-ddb7-4a05-89bb-72da59c86968" testId="ce21906f-255c-3cee-9d5e-8b16df3d0f9f" testName="TestInitialize" computerName="VISCOUSPC" testType="13cdc9d9-ddb5-4fa4-a97d-d965ccfc6d4b" outcome="NotExecuted" testListId="8c84fa94-04c1-424b-9868-57a2d4851a1d" relativeResultsDirectory="66f294a1-ddb7-4a05-89bb-72da59c86968">
    </UnitTestResult>
  </Results>
</TestRun>