<?xml version="1.0" encoding="UTF-8"?>
<TestRun id="623ac022-6bfc-4819-b8f7-3c80bba8eb66" name="Scotty Viscocity@VISCOUSPC 2012-03-14 18:28:25" runUser="ViscousPC\Scotty Viscocity" xmlns="http://microsoft.com/schemas/VisualStudio/TeamTest/2010">
  <TestSettings name="Local" id="6d1e9696-581b-4414-880d-32a74bbef34d">
    <Description>These are default test settings for a local test run.</Description>
    <Deployment enabled="false" runDeploymentRoot="Scotty Viscocity_VISCOUSPC 2012-03-14 18_28_25">
      <DeploymentItem filename="C:\Users\Scotty Viscocity\Desktop\Stuff\School\MSU\8_Spring 2012\CS 481 - Software Engineering\BattleShip\packages\Moq.4.0.10827\lib\NET40\Moq.dll" />
      <DeploymentItem filename="C:\Users\Scotty Viscocity\Desktop\Stuff\School\MSU\8_Spring 2012\CS 481 - Software Engineering\BattleShip\BattleShip\bin\Debug\BattleShip.exe" />
    </Deployment>
    <Execution>
      <TestTypeSpecific />
      <AgentRule name="Execution Agents">
      </AgentRule>
    </Execution>
  </TestSettings>
  <Times creation="2012-03-14T18:28:25.9986901-05:00" queuing="2012-03-14T18:28:27.8247946-05:00" start="2012-03-14T18:28:27.9218001-05:00" finish="2012-03-14T18:28:28.9388549-05:00" />
  <ResultSummary outcome="Completed">
    <Counters total="8" executed="8" passed="8" error="0" failed="0" timeout="0" aborted="0" inconclusive="0" passedButRunAborted="0" notRunnable="0" notExecuted="0" disconnected="0" warning="0" completed="0" inProgress="0" pending="0" />
  </ResultSummary>
  <TestDefinitions>
    <UnitTest name="TestIsDestroyed_True" storage="c:\users\scotty viscocity\desktop\stuff\school\msu\8_spring 2012\cs 481 - software engineering\battleship\battleshiptests\bin\debug\battleshiptests.dll" id="a8bb8e6a-4078-493f-5a52-3c33dead03a9">
      <Execution id="3441e410-0567-47d9-b8ec-627e53c254e7" />
      <TestMethod codeBase="C:/Users/Scotty Viscocity/Desktop/Stuff/School/MSU/8_Spring 2012/CS 481 - Software Engineering/BattleShip/BattleShipTests/bin/Debug/BattleShipTests.DLL" adapterTypeName="Microsoft.VisualStudio.TestTools.TestTypes.Unit.UnitTestAdapter, Microsoft.VisualStudio.QualityTools.Tips.UnitTest.Adapter, Version=10.0.0.0, Culture=neutral, PublicKeyToken=b03f5f7f11d50a3a" className="BattleShipTests.UnitTest_Ship, BattleShipTests, Version=1.0.0.0, Culture=neutral, PublicKeyToken=null" name="TestIsDestroyed_True" />
    </UnitTest>
    <UnitTest name="TestPlacementCreatesConflict" storage="c:\users\scotty viscocity\desktop\stuff\school\msu\8_spring 2012\cs 481 - software engineering\battleship\battleshiptests\bin\debug\battleshiptests.dll" id="359c968f-4820-e386-ddc4-9ba4077decf4">
      <Execution id="faae4816-2f72-41fa-af91-d745d92a8966" />
      <TestMethod codeBase="C:/Users/Scotty Viscocity/Desktop/Stuff/School/MSU/8_Spring 2012/CS 481 - Software Engineering/BattleShip/BattleShipTests/bin/Debug/BattleShipTests.DLL" adapterTypeName="Microsoft.VisualStudio.TestTools.TestTypes.Unit.UnitTestAdapter, Microsoft.VisualStudio.QualityTools.Tips.UnitTest.Adapter, Version=10.0.0.0, Culture=neutral, PublicKeyToken=b03f5f7f11d50a3a" className="BattleShipTests.UnitTest_ShipPlacementHelper, BattleShipTests, Version=1.0.0.0, Culture=neutral, PublicKeyToken=null" name="TestPlacementCreatesConflict" />
    </UnitTest>
    <UnitTest name="TestIsDestroyed_False1" storage="c:\users\scotty viscocity\desktop\stuff\school\msu\8_spring 2012\cs 481 - software engineering\battleship\battleshiptests\bin\debug\battleshiptests.dll" id="8e6ede48-b4a4-c394-0754-bba834efd813">
      <Execution id="f3e58647-68e1-4d28-b089-78fca23fd44f" />
      <TestMethod codeBase="C:/Users/Scotty Viscocity/Desktop/Stuff/School/MSU/8_Spring 2012/CS 481 - Software Engineering/BattleShip/BattleShipTests/bin/Debug/BattleShipTests.DLL" adapterTypeName="Microsoft.VisualStudio.TestTools.TestTypes.Unit.UnitTestAdapter, Microsoft.VisualStudio.QualityTools.Tips.UnitTest.Adapter, Version=10.0.0.0, Culture=neutral, PublicKeyToken=b03f5f7f11d50a3a" className="BattleShipTests.UnitTest_Ship, BattleShipTests, Version=1.0.0.0, Culture=neutral, PublicKeyToken=null" name="TestIsDestroyed_False1" />
    </UnitTest>
    <UnitTest name="TestIsOutOfBounds" storage="c:\users\scotty viscocity\desktop\stuff\school\msu\8_spring 2012\cs 481 - software engineering\battleship\battleshiptests\bin\debug\battleshiptests.dll" id="84f13ba1-51e4-b026-2a45-d550c1b13a66">
      <Execution id="32760b24-5c07-401a-b1ab-2dfea9c9c8f5" />
      <TestMethod codeBase="C:/Users/Scotty Viscocity/Desktop/Stuff/School/MSU/8_Spring 2012/CS 481 - Software Engineering/BattleShip/BattleShipTests/bin/Debug/BattleShipTests.DLL" adapterTypeName="Microsoft.VisualStudio.TestTools.TestTypes.Unit.UnitTestAdapter, Microsoft.VisualStudio.QualityTools.Tips.UnitTest.Adapter, Version=10.0.0.0, Culture=neutral, PublicKeyToken=b03f5f7f11d50a3a" className="BattleShipTests.UnitTest_ShipPlacementHelper, BattleShipTests, Version=1.0.0.0, Culture=neutral, PublicKeyToken=null" name="TestIsOutOfBounds" />
    </UnitTest>
    <UnitTest name="TestInitialize" storage="c:\users\scotty viscocity\desktop\stuff\school\msu\8_spring 2012\cs 481 - software engineering\battleship\battleshiptests\bin\debug\battleshiptests.dll" id="ce21906f-255c-3cee-9d5e-8b16df3d0f9f">
      <Execution id="846e4927-49ef-45c2-b4f1-3979411e2f7b" />
      <TestMethod codeBase="C:/Users/Scotty Viscocity/Desktop/Stuff/School/MSU/8_Spring 2012/CS 481 - Software Engineering/BattleShip/BattleShipTests/bin/Debug/BattleShipTests.DLL" adapterTypeName="Microsoft.VisualStudio.TestTools.TestTypes.Unit.UnitTestAdapter, Microsoft.VisualStudio.QualityTools.Tips.UnitTest.Adapter, Version=10.0.0.0, Culture=neutral, PublicKeyToken=b03f5f7f11d50a3a" className="BattleShipTests.UnitTest_BattleShipGame, BattleShipTests, Version=1.0.0.0, Culture=neutral, PublicKeyToken=null" name="TestInitialize" />
    </UnitTest>
    <UnitTest name="TestIsInvalidPlacement" storage="c:\users\scotty viscocity\desktop\stuff\school\msu\8_spring 2012\cs 481 - software engineering\battleship\battleshiptests\bin\debug\battleshiptests.dll" id="62b91659-9230-16e7-ad72-b8bacbbccbb1">
      <Execution id="8d648140-cdac-4c8c-beca-6ca1044277ee" />
      <TestMethod codeBase="C:/Users/Scotty Viscocity/Desktop/Stuff/School/MSU/8_Spring 2012/CS 481 - Software Engineering/BattleShip/BattleShipTests/bin/Debug/BattleShipTests.DLL" adapterTypeName="Microsoft.VisualStudio.TestTools.TestTypes.Unit.UnitTestAdapter, Microsoft.VisualStudio.QualityTools.Tips.UnitTest.Adapter, Version=10.0.0.0, Culture=neutral, PublicKeyToken=b03f5f7f11d50a3a" className="BattleShipTests.UnitTest_ShipPlacementHelper, BattleShipTests, Version=1.0.0.0, Culture=neutral, PublicKeyToken=null" name="TestIsInvalidPlacement" />
    </UnitTest>
    <UnitTest name="TestIPlayers" storage="c:\users\scotty viscocity\desktop\stuff\school\msu\8_spring 2012\cs 481 - software engineering\battleship\battleshiptests\bin\debug\battleshiptests.dll" id="c398fdc5-aba6-f73f-d5d3-abe9c41125e7">
      <Execution id="8fd9e00e-19e5-449b-8565-9b37f47b763b" />
      <TestMethod codeBase="C:/Users/Scotty Viscocity/Desktop/Stuff/School/MSU/8_Spring 2012/CS 481 - Software Engineering/BattleShip/BattleShipTests/bin/Debug/BattleShipTests.DLL" adapterTypeName="Microsoft.VisualStudio.TestTools.TestTypes.Unit.UnitTestAdapter, Microsoft.VisualStudio.QualityTools.Tips.UnitTest.Adapter, Version=10.0.0.0, Culture=neutral, PublicKeyToken=b03f5f7f11d50a3a" className="BattleShipTests.UnitTest_IPlayer, BattleShipTests, Version=1.0.0.0, Culture=neutral, PublicKeyToken=null" name="TestIPlayers" />
    </UnitTest>
    <UnitTest name="TestIsDestroyed_False2" storage="c:\users\scotty viscocity\desktop\stuff\school\msu\8_spring 2012\cs 481 - software engineering\battleship\battleshiptests\bin\debug\battleshiptests.dll" id="4febe331-5c84-6e38-1a56-52096688bd87">
      <Execution id="cc64cf9b-22d6-43e1-9163-d1c22de2ccd0" />
      <TestMethod codeBase="C:/Users/Scotty Viscocity/Desktop/Stuff/School/MSU/8_Spring 2012/CS 481 - Software Engineering/BattleShip/BattleShipTests/bin/Debug/BattleShipTests.DLL" adapterTypeName="Microsoft.VisualStudio.TestTools.TestTypes.Unit.UnitTestAdapter, Microsoft.VisualStudio.QualityTools.Tips.UnitTest.Adapter, Version=10.0.0.0, Culture=neutral, PublicKeyToken=b03f5f7f11d50a3a" className="BattleShipTests.UnitTest_Ship, BattleShipTests, Version=1.0.0.0, Culture=neutral, PublicKeyToken=null" name="TestIsDestroyed_False2" />
    </UnitTest>
  </TestDefinitions>
  <TestLists>
    <TestList name="Results Not in a List" id="8c84fa94-04c1-424b-9868-57a2d4851a1d" />
    <TestList name="All Loaded Results" id="19431567-8539-422a-85d7-44ee4e166bda" />
  </TestLists>
  <TestEntries>
    <TestEntry testId="359c968f-4820-e386-ddc4-9ba4077decf4" executionId="faae4816-2f72-41fa-af91-d745d92a8966" testListId="8c84fa94-04c1-424b-9868-57a2d4851a1d" />
    <TestEntry testId="4febe331-5c84-6e38-1a56-52096688bd87" executionId="cc64cf9b-22d6-43e1-9163-d1c22de2ccd0" testListId="8c84fa94-04c1-424b-9868-57a2d4851a1d" />
    <TestEntry testId="62b91659-9230-16e7-ad72-b8bacbbccbb1" executionId="8d648140-cdac-4c8c-beca-6ca1044277ee" testListId="8c84fa94-04c1-424b-9868-57a2d4851a1d" />
    <TestEntry testId="84f13ba1-51e4-b026-2a45-d550c1b13a66" executionId="32760b24-5c07-401a-b1ab-2dfea9c9c8f5" testListId="8c84fa94-04c1-424b-9868-57a2d4851a1d" />
    <TestEntry testId="8e6ede48-b4a4-c394-0754-bba834efd813" executionId="f3e58647-68e1-4d28-b089-78fca23fd44f" testListId="8c84fa94-04c1-424b-9868-57a2d4851a1d" />
    <TestEntry testId="a8bb8e6a-4078-493f-5a52-3c33dead03a9" executionId="3441e410-0567-47d9-b8ec-627e53c254e7" testListId="8c84fa94-04c1-424b-9868-57a2d4851a1d" />
    <TestEntry testId="c398fdc5-aba6-f73f-d5d3-abe9c41125e7" executionId="8fd9e00e-19e5-449b-8565-9b37f47b763b" testListId="8c84fa94-04c1-424b-9868-57a2d4851a1d" />
    <TestEntry testId="ce21906f-255c-3cee-9d5e-8b16df3d0f9f" executionId="846e4927-49ef-45c2-b4f1-3979411e2f7b" testListId="8c84fa94-04c1-424b-9868-57a2d4851a1d" />
  </TestEntries>
  <Results>
    <UnitTestResult executionId="faae4816-2f72-41fa-af91-d745d92a8966" testId="359c968f-4820-e386-ddc4-9ba4077decf4" testName="TestPlacementCreatesConflict" computerName="VISCOUSPC" duration="00:00:00.0163054" startTime="2012-03-14T18:28:28.0138026-05:00" endTime="2012-03-14T18:28:28.8418494-05:00" testType="13cdc9d9-ddb5-4fa4-a97d-d965ccfc6d4b" outcome="Passed" testListId="8c84fa94-04c1-424b-9868-57a2d4851a1d" relativeResultsDirectory="faae4816-2f72-41fa-af91-d745d92a8966">
    </UnitTestResult>
    <UnitTestResult executionId="cc64cf9b-22d6-43e1-9163-d1c22de2ccd0" testId="4febe331-5c84-6e38-1a56-52096688bd87" testName="TestIsDestroyed_False2" computerName="VISCOUSPC" duration="00:00:00.0009975" startTime="2012-03-14T18:28:28.8488498-05:00" endTime="2012-03-14T18:28:28.8518499-05:00" testType="13cdc9d9-ddb5-4fa4-a97d-d965ccfc6d4b" outcome="Passed" testListId="8c84fa94-04c1-424b-9868-57a2d4851a1d" relativeResultsDirectory="cc64cf9b-22d6-43e1-9163-d1c22de2ccd0">
    </UnitTestResult>
    <UnitTestResult executionId="8d648140-cdac-4c8c-beca-6ca1044277ee" testId="62b91659-9230-16e7-ad72-b8bacbbccbb1" testName="TestIsInvalidPlacement" computerName="VISCOUSPC" duration="00:00:00.0014522" startTime="2012-03-14T18:28:28.8578503-05:00" endTime="2012-03-14T18:28:28.8618505-05:00" testType="13cdc9d9-ddb5-4fa4-a97d-d965ccfc6d4b" outcome="Passed" testListId="8c84fa94-04c1-424b-9868-57a2d4851a1d" relativeResultsDirectory="8d648140-cdac-4c8c-beca-6ca1044277ee">
    </UnitTestResult>
    <UnitTestResult executionId="32760b24-5c07-401a-b1ab-2dfea9c9c8f5" testId="84f13ba1-51e4-b026-2a45-d550c1b13a66" testName="TestIsOutOfBounds" computerName="VISCOUSPC" duration="00:00:00.0008898" startTime="2012-03-14T18:28:28.8668508-05:00" endTime="2012-03-14T18:28:28.8708510-05:00" testType="13cdc9d9-ddb5-4fa4-a97d-d965ccfc6d4b" outcome="Passed" testListId="8c84fa94-04c1-424b-9868-57a2d4851a1d" relativeResultsDirectory="32760b24-5c07-401a-b1ab-2dfea9c9c8f5">
    </UnitTestResult>
    <UnitTestResult executionId="f3e58647-68e1-4d28-b089-78fca23fd44f" testId="8e6ede48-b4a4-c394-0754-bba834efd813" testName="TestIsDestroyed_False1" computerName="VISCOUSPC" duration="00:00:00.0002781" startTime="2012-03-14T18:28:28.8758513-05:00" endTime="2012-03-14T18:28:28.8788515-05:00" testType="13cdc9d9-ddb5-4fa4-a97d-d965ccfc6d4b" outcome="Passed" testListId="8c84fa94-04c1-424b-9868-57a2d4851a1d" relativeResultsDirectory="f3e58647-68e1-4d28-b089-78fca23fd44f">
    </UnitTestResult>
    <UnitTestResult executionId="3441e410-0567-47d9-b8ec-627e53c254e7" testId="a8bb8e6a-4078-493f-5a52-3c33dead03a9" testName="TestIsDestroyed_True" computerName="VISCOUSPC" duration="00:00:00.0003438" startTime="2012-03-14T18:28:28.8848518-05:00" endTime="2012-03-14T18:28:28.8868520-05:00" testType="13cdc9d9-ddb5-4fa4-a97d-d965ccfc6d4b" outcome="Passed" testListId="8c84fa94-04c1-424b-9868-57a2d4851a1d" relativeResultsDirectory="3441e410-0567-47d9-b8ec-627e53c254e7">
    </UnitTestResult>
    <UnitTestResult executionId="8fd9e00e-19e5-449b-8565-9b37f47b763b" testId="c398fdc5-aba6-f73f-d5d3-abe9c41125e7" testName="TestIPlayers" computerName="VISCOUSPC" duration="00:00:00.0087682" startTime="2012-03-14T18:28:28.8928523-05:00" endTime="2012-03-14T18:28:28.9038529-05:00" testType="13cdc9d9-ddb5-4fa4-a97d-d965ccfc6d4b" outcome="Passed" testListId="8c84fa94-04c1-424b-9868-57a2d4851a1d" relativeResultsDirectory="8fd9e00e-19e5-449b-8565-9b37f47b763b">
    </UnitTestResult>
    <UnitTestResult executionId="846e4927-49ef-45c2-b4f1-3979411e2f7b" testId="ce21906f-255c-3cee-9d5e-8b16df3d0f9f" testName="TestInitialize" computerName="VISCOUSPC" duration="00:00:00.0001703" startTime="2012-03-14T18:28:28.9098533-05:00" endTime="2012-03-14T18:28:28.9118534-05:00" testType="13cdc9d9-ddb5-4fa4-a97d-d965ccfc6d4b" outcome="Passed" testListId="8c84fa94-04c1-424b-9868-57a2d4851a1d" relativeResultsDirectory="846e4927-49ef-45c2-b4f1-3979411e2f7b">
    </UnitTestResult>
  </Results>
</TestRun>