<?xml version="1.0" encoding="UTF-8"?>
<TestRun id="8b6c1642-d9af-4c67-8cb7-f3d1da207226" name="Scotty Viscocity@VISCOUSPC 2012-03-20 21:10:34" runUser="ViscousPC\Scotty Viscocity" xmlns="http://microsoft.com/schemas/VisualStudio/TeamTest/2010">
  <TestSettings name="Local" id="6d1e9696-581b-4414-880d-32a74bbef34d">
    <Description>These are default test settings for a local test run.</Description>
    <Deployment enabled="false" runDeploymentRoot="Scotty Viscocity_VISCOUSPC 2012-03-20 21_10_34">
      <DeploymentItem filename="C:\Users\Scotty Viscocity\Desktop\Stuff\School\MSU\8_Spring 2012\CS 481 - Software Engineering\BattleShip\packages\Moq.4.0.10827\lib\NET40\Moq.dll" />
      <DeploymentItem filename="C:\Users\Scotty Viscocity\Desktop\Stuff\School\MSU\8_Spring 2012\CS 481 - Software Engineering\BattleShip\BattleShip\bin\Debug\BattleShip.exe" />
    </Deployment>
    <Execution>
      <TestTypeSpecific />
      <AgentRule name="Execution Agents">
      </AgentRule>
    </Execution>
  </TestSettings>
  <Times creation="2012-03-20T21:10:34.2052174-05:00" queuing="2012-03-20T21:10:34.2982228-05:00" start="2012-03-20T21:10:34.3052232-05:00" finish="2012-03-20T21:10:34.6900426-05:00" />
  <ResultSummary outcome="Failed">
    <Counters total="1" executed="1" error="0" failed="1" timeout="0" aborted="0" inconclusive="0" passedButRunAborted="0" notRunnable="0" notExecuted="0" disconnected="0" warning="0" passed="0" completed="0" inProgress="0" pending="0" />
  </ResultSummary>
  <TestDefinitions>
    <UnitTest name="TestInitialize" storage="c:\users\scotty viscocity\desktop\stuff\school\msu\8_spring 2012\cs 481 - software engineering\battleship\battleshiptests\bin\debug\battleshiptests.dll" id="b10a5d11-4256-7f99-c6d5-d9e44c962161">
      <Execution id="0ed80311-3ab1-4250-bcf6-6aa2d57e0bf1" />
      <TestMethod codeBase="C:/Users/Scotty Viscocity/Desktop/Stuff/School/MSU/8_Spring 2012/CS 481 - Software Engineering/BattleShip/BattleShipTests/bin/Debug/BattleShipTests.DLL" adapterTypeName="Microsoft.VisualStudio.TestTools.TestTypes.Unit.UnitTestAdapter, Microsoft.VisualStudio.QualityTools.Tips.UnitTest.Adapter, Version=10.0.0.0, Culture=neutral, PublicKeyToken=b03f5f7f11d50a3a" className="BattleShipTests.IntegrationTest_BattleShipGame, BattleShipTests, Version=1.0.0.0, Culture=neutral, PublicKeyToken=null" name="TestInitialize" />
    </UnitTest>
  </TestDefinitions>
  <TestLists>
    <TestList name="Results Not in a List" id="8c84fa94-04c1-424b-9868-57a2d4851a1d" />
    <TestList name="All Loaded Results" id="19431567-8539-422a-85d7-44ee4e166bda" />
  </TestLists>
  <TestEntries>
    <TestEntry testId="b10a5d11-4256-7f99-c6d5-d9e44c962161" executionId="0ed80311-3ab1-4250-bcf6-6aa2d57e0bf1" testListId="8c84fa94-04c1-424b-9868-57a2d4851a1d" />
  </TestEntries>
  <Results>
    <UnitTestResult executionId="0ed80311-3ab1-4250-bcf6-6aa2d57e0bf1" testId="b10a5d11-4256-7f99-c6d5-d9e44c962161" testName="TestInitialize" computerName="VISCOUSPC" duration="00:00:00.0616021" startTime="2012-03-20T21:10:34.3172238-05:00" endTime="2012-03-20T21:10:34.6720415-05:00" testType="13cdc9d9-ddb5-4fa4-a97d-d965ccfc6d4b" outcome="Failed" testListId="8c84fa94-04c1-424b-9868-57a2d4851a1d" relativeResultsDirectory="0ed80311-3ab1-4250-bcf6-6aa2d57e0bf1">
      <Output>
        <ErrorInfo>
          <Message>Test method BattleShipTests.IntegrationTest_BattleShipGame.TestInitialize threw exception: 
System.Windows.Markup.XamlParseException: 'Provide value on 'System.Windows.Baml2006.TypeConverterMarkupExtension' threw an exception.' Line number '9' and line position '14'. ---&gt; System.IO.IOException: Cannot locate resource 'resources/images/mainwindowbackground.jpg'.</Message>
          <StackTrace>    at MS.Internal.AppModel.ResourcePart.GetStreamCore(FileMode mode, FileAccess access)
   at System.IO.Packaging.PackagePart.GetStream(FileMode mode, FileAccess access)
   at System.IO.Packaging.PackWebResponse.CachedResponse.GetResponseStream()
   at System.IO.Packaging.PackWebResponse.GetResponseStream()
   at System.IO.Packaging.PackWebResponse.get_ContentType()
   at System.Windows.Media.Imaging.BitmapDecoder.SetupDecoderFromUriOrStream(Uri uri, Stream stream, BitmapCacheOption cacheOption, Guid&amp; clsId, Boolean&amp; isOriginalWritable, Stream&amp; uriStream, UnmanagedMemoryStream&amp; unmanagedMemoryStream, SafeFileHandle&amp; safeFilehandle)
   at System.Windows.Media.Imaging.BitmapDecoder.CreateFromUriOrStream(Uri baseUri, Uri uri, Stream stream, BitmapCreateOptions createOptions, BitmapCacheOption cacheOption, RequestCachePolicy uriCachePolicy, Boolean insertInDecoderCache)
   at System.Windows.Media.Imaging.BitmapFrame.CreateFromUriOrStream(Uri baseUri, Uri uri, Stream stream, BitmapCreateOptions createOptions, BitmapCacheOption cacheOption, RequestCachePolicy uriCachePolicy)
   at System.Windows.Media.ImageSourceConverter.ConvertFrom(ITypeDescriptorContext context, CultureInfo culture, Object value)
   at System.Windows.Baml2006.TypeConverterMarkupExtension.ProvideValue(IServiceProvider serviceProvider)
   at MS.Internal.Xaml.Runtime.ClrObjectRuntime.CallProvideValue(MarkupExtension me, IServiceProvider serviceProvider)
 --- End of inner exception stack trace ---
    at System.Windows.Markup.XamlReader.RewrapException(Exception e, IXamlLineInfo lineInfo, Uri baseUri)
   at System.Windows.Markup.WpfXamlLoader.Load(XamlReader xamlReader, IXamlObjectWriterFactory writerFactory, Boolean skipJournaledProperties, Object rootObject, XamlObjectWriterSettings settings, Uri baseUri)
   at System.Windows.Markup.WpfXamlLoader.LoadBaml(XamlReader xamlReader, Boolean skipJournaledProperties, Object rootObject, XamlAccessLevel accessLevel, Uri baseUri)
   at System.Windows.Markup.XamlReader.LoadBaml(Stream stream, ParserContext parserContext, Object parent, Boolean closeStream)
   at System.Windows.Application.LoadComponent(Object component, Uri resourceLocator)
   at BattleShip.MainWindow.InitializeComponent() in c:\Users\Scotty Viscocity\Desktop\Stuff\School\MSU\8_Spring 2012\CS 481 - Software Engineering\BattleShip\BattleShip\MainWindow.xaml:line 1
   at BattleShip.MainWindow..ctor(String PlayerName, String PlayerImgLoc) in C:\Users\Scotty Viscocity\Desktop\Stuff\School\MSU\8_Spring 2012\CS 481 - Software Engineering\BattleShip\BattleShip\MainWindow.xaml.cs:line 68
   at BattleShip.Human_Player..ctor(String PlayerName, String PlayerImgLoc) in C:\Users\Scotty Viscocity\Desktop\Stuff\School\MSU\8_Spring 2012\CS 481 - Software Engineering\BattleShip\BattleShip\IPlayer.cs:line 72
   at BattleShipTests.IntegrationTest_BattleShipGame.Human_PlayerDouble..ctor(String PlayerName, String PlayerImgLoc) in C:\Users\Scotty Viscocity\Desktop\Stuff\School\MSU\8_Spring 2012\CS 481 - Software Engineering\BattleShip\BattleShipTests\IntegrationTest_BattleShipGame.cs:line 32
   at BattleShipTests.IntegrationTest_BattleShipGame.TestInitialize() in C:\Users\Scotty Viscocity\Desktop\Stuff\School\MSU\8_Spring 2012\CS 481 - Software Engineering\BattleShip\BattleShipTests\IntegrationTest_BattleShipGame.cs:line 45
</StackTrace>
        </ErrorInfo>
      </Output>
    </UnitTestResult>
  </Results>
</TestRun>