<?xml version="1.0" encoding="UTF-8"?>
<TestRun id="fa950a49-df90-4980-b3e7-523d0c7a91cf" name="Scotty Viscocity@VISCOUSPC 2012-02-21 19:40:28" runUser="ViscousPC\Scotty Viscocity" xmlns="http://microsoft.com/schemas/VisualStudio/TeamTest/2010">
  <TestSettings name="Local" id="6d1e9696-581b-4414-880d-32a74bbef34d">
    <Description>These are default test settings for a local test run.</Description>
    <Deployment enabled="false" runDeploymentRoot="Scotty Viscocity_VISCOUSPC 2012-02-21 19_40_28">
      <DeploymentItem filename="C:\Users\Scotty Viscocity\Desktop\Stuff\School\MSU\8_Spring 2012\CS 481 - Software Engineering\BattleShip\packages\Moq.4.0.10827\lib\NET40\Moq.dll" />
      <DeploymentItem filename="C:\Users\Scotty Viscocity\Desktop\Stuff\School\MSU\8_Spring 2012\CS 481 - Software Engineering\BattleShip\BattleShip\bin\Debug\BattleShip.exe" />
    </Deployment>
    <Execution>
      <TestTypeSpecific />
      <AgentRule name="Execution Agents">
      </AgentRule>
    </Execution>
  </TestSettings>
  <Times creation="2012-02-21T19:40:28.3561763-06:00" queuing="2012-02-21T19:40:28.9482101-06:00" start="2012-02-21T19:40:29.0062134-06:00" finish="2012-02-21T19:40:29.4402383-06:00" />
  <ResultSummary outcome="Completed">
    <Counters total="1" executed="1" passed="1" error="0" failed="0" timeout="0" aborted="0" inconclusive="0" passedButRunAborted="0" notRunnable="0" notExecuted="0" disconnected="0" warning="0" completed="0" inProgress="0" pending="0" />
  </ResultSummary>
  <TestDefinitions>
    <UnitTest name="TestPlaceShips" storage="c:\users\scotty viscocity\desktop\stuff\school\msu\8_spring 2012\cs 481 - software engineering\battleship\battleshiptests\bin\debug\battleshiptests.dll" id="a30b6668-9c31-82c0-f63d-0178d29e49a6">
      <Execution id="49022f68-5019-41a1-8495-13fefd785e7b" />
      <TestMethod codeBase="C:/Users/Scotty Viscocity/Desktop/Stuff/School/MSU/8_Spring 2012/CS 481 - Software Engineering/BattleShip/BattleShipTests/bin/Debug/BattleShipTests.DLL" adapterTypeName="Microsoft.VisualStudio.TestTools.TestTypes.Unit.UnitTestAdapter, Microsoft.VisualStudio.QualityTools.Tips.UnitTest.Adapter, Version=10.0.0.0, Culture=neutral, PublicKeyToken=b03f5f7f11d50a3a" className="BattleShipTests.UnitTest_EasyAI_Player, BattleShipTests, Version=1.0.0.0, Culture=neutral, PublicKeyToken=null" name="TestPlaceShips" />
    </UnitTest>
  </TestDefinitions>
  <TestLists>
    <TestList name="Results Not in a List" id="8c84fa94-04c1-424b-9868-57a2d4851a1d" />
    <TestList name="All Loaded Results" id="19431567-8539-422a-85d7-44ee4e166bda" />
  </TestLists>
  <TestEntries>
    <TestEntry testId="a30b6668-9c31-82c0-f63d-0178d29e49a6" executionId="49022f68-5019-41a1-8495-13fefd785e7b" testListId="8c84fa94-04c1-424b-9868-57a2d4851a1d" />
  </TestEntries>
  <Results>
    <UnitTestResult executionId="49022f68-5019-41a1-8495-13fefd785e7b" testId="a30b6668-9c31-82c0-f63d-0178d29e49a6" testName="TestPlaceShips" computerName="VISCOUSPC" duration="00:00:00.0167545" startTime="2012-02-21T19:40:29.0722172-06:00" endTime="2012-02-21T19:40:29.4022361-06:00" testType="13cdc9d9-ddb5-4fa4-a97d-d965ccfc6d4b" outcome="Passed" testListId="8c84fa94-04c1-424b-9868-57a2d4851a1d" relativeResultsDirectory="49022f68-5019-41a1-8495-13fefd785e7b">
    </UnitTestResult>
  </Results>
</TestRun>