<?xml version="1.0" encoding="UTF-8"?>
<TestRun id="34faa73e-37ce-4fd0-99dc-ed473d7c83f6" name="Scotty Viscocity@VISCOUSPC 2012-02-21 19:58:42" runUser="ViscousPC\Scotty Viscocity" xmlns="http://microsoft.com/schemas/VisualStudio/TeamTest/2010">
  <TestSettings name="Local" id="6d1e9696-581b-4414-880d-32a74bbef34d">
    <Description>These are default test settings for a local test run.</Description>
    <Deployment enabled="false" runDeploymentRoot="Scotty Viscocity_VISCOUSPC 2012-02-21 19_58_42">
      <DeploymentItem filename="C:\Users\Scotty Viscocity\Desktop\Stuff\School\MSU\8_Spring 2012\CS 481 - Software Engineering\BattleShip\packages\Moq.4.0.10827\lib\NET40\Moq.dll" />
      <DeploymentItem filename="C:\Users\Scotty Viscocity\Desktop\Stuff\School\MSU\8_Spring 2012\CS 481 - Software Engineering\BattleShip\BattleShip\bin\Debug\BattleShip.exe" />
    </Deployment>
    <Execution>
      <TestTypeSpecific />
      <AgentRule name="Execution Agents">
      </AgentRule>
    </Execution>
  </TestSettings>
  <Times creation="2012-02-21T19:58:42.4467547-06:00" queuing="2012-02-21T19:58:42.5967633-06:00" start="2012-02-21T19:58:42.6017635-06:00" finish="2012-02-21T19:58:42.8887800-06:00" />
  <ResultSummary outcome="Completed">
    <Counters total="1" executed="1" passed="1" error="0" failed="0" timeout="0" aborted="0" inconclusive="0" passedButRunAborted="0" notRunnable="0" notExecuted="0" disconnected="0" warning="0" completed="0" inProgress="0" pending="0" />
  </ResultSummary>
  <TestDefinitions>
    <UnitTest name="TestIPlayers" storage="c:\users\scotty viscocity\desktop\stuff\school\msu\8_spring 2012\cs 481 - software engineering\battleship\battleshiptests\bin\debug\battleshiptests.dll" id="c398fdc5-aba6-f73f-d5d3-abe9c41125e7">
      <Execution id="2e0ca622-5f4c-4739-9cc0-6ccd89b61093" />
      <TestMethod codeBase="C:/Users/Scotty Viscocity/Desktop/Stuff/School/MSU/8_Spring 2012/CS 481 - Software Engineering/BattleShip/BattleShipTests/bin/Debug/BattleShipTests.DLL" adapterTypeName="Microsoft.VisualStudio.TestTools.TestTypes.Unit.UnitTestAdapter, Microsoft.VisualStudio.QualityTools.Tips.UnitTest.Adapter, Version=10.0.0.0, Culture=neutral, PublicKeyToken=b03f5f7f11d50a3a" className="BattleShipTests.UnitTest_IPlayer, BattleShipTests, Version=1.0.0.0, Culture=neutral, PublicKeyToken=null" name="TestIPlayers" />
    </UnitTest>
  </TestDefinitions>
  <TestLists>
    <TestList name="Results Not in a List" id="8c84fa94-04c1-424b-9868-57a2d4851a1d" />
    <TestList name="All Loaded Results" id="19431567-8539-422a-85d7-44ee4e166bda" />
  </TestLists>
  <TestEntries>
    <TestEntry testId="c398fdc5-aba6-f73f-d5d3-abe9c41125e7" executionId="2e0ca622-5f4c-4739-9cc0-6ccd89b61093" testListId="8c84fa94-04c1-424b-9868-57a2d4851a1d" />
  </TestEntries>
  <Results>
    <UnitTestResult executionId="2e0ca622-5f4c-4739-9cc0-6ccd89b61093" testId="c398fdc5-aba6-f73f-d5d3-abe9c41125e7" testName="TestIPlayers" computerName="VISCOUSPC" duration="00:00:00.0220815" startTime="2012-02-21T19:58:42.6087639-06:00" endTime="2012-02-21T19:58:42.8417773-06:00" testType="13cdc9d9-ddb5-4fa4-a97d-d965ccfc6d4b" outcome="Passed" testListId="8c84fa94-04c1-424b-9868-57a2d4851a1d" relativeResultsDirectory="2e0ca622-5f4c-4739-9cc0-6ccd89b61093">
    </UnitTestResult>
  </Results>
</TestRun>